[2025-12-21 23:35:09] (PID 10614) Watchdog process started (argc=1)
[2025-12-21 23:35:09] (PID 10614) ERRORE: argomenti non validi. Usage: ./exec/watchdog <pid name> [<pid name> ...]
[2025-12-21 23:37:54] (PID 10787) Watchdog process started (argc=11)
[2025-12-21 23:37:54] (PID 10787) Registrato processo: INPUT (pid=10782)
[2025-12-21 23:37:54] (PID 10787) Registrato processo: DRONE (pid=10785)
[2025-12-21 23:37:54] (PID 10787) Registrato processo: OBSTACLE (pid=10783)
[2025-12-21 23:37:54] (PID 10787) Registrato processo: TARGET (pid=10784)
[2025-12-21 23:37:54] (PID 10787) Registrato processo: BLACKBOARD (pid=10786)
[2025-12-21 23:37:54] (PID 10787) Watchdog avviato correttamente (5 processi monitorati)
[2025-12-21 23:37:54] (PID 10787) PORCODIO
[2025-12-21 23:37:54] (PID 10787) SIGUSR1 ricevuto da PID sconosciuto (10804)
[2025-12-21 23:37:54] (PID 10787) ALERT: processo INPUT (pid=10782) NON responsivo
[2025-12-21 23:37:54] (PID 10787) ALERT: processo DRONE (pid=10785) NON responsivo
[2025-12-21 23:37:54] (PID 10787) ALERT: processo OBSTACLE (pid=10783) NON responsivo
[2025-12-21 23:37:54] (PID 10787) ALERT: processo TARGET (pid=10784) NON responsivo
[2025-12-21 23:37:54] (PID 10787) ALERT: processo BLACKBOARD (pid=10786) NON responsivo
[2025-12-21 23:37:54] (PID 10787) PORCODIO
[2025-12-21 23:37:55] (PID 10787) SIGUSR1 ricevuto da PID sconosciuto (10804)
[2025-12-21 23:37:55] (PID 10787) ALERT: processo INPUT (pid=10782) NON responsivo
[2025-12-21 23:37:55] (PID 10787) ALERT: processo DRONE (pid=10785) NON responsivo
[2025-12-21 23:37:55] (PID 10787) ALERT: processo OBSTACLE (pid=10783) NON responsivo
[2025-12-21 23:37:55] (PID 10787) ALERT: processo TARGET (pid=10784) NON responsivo
[2025-12-21 23:37:55] (PID 10787) ALERT: processo BLACKBOARD (pid=10786) NON responsivo
[2025-12-21 23:37:55] (PID 10787) PORCODIO
[2025-12-21 23:37:56] (PID 10787) SIGUSR1 ricevuto da PID sconosciuto (10804)
[2025-12-21 23:37:56] (PID 10787) ALERT: processo INPUT (pid=10782) NON responsivo
[2025-12-21 23:37:56] (PID 10787) ALERT: processo DRONE (pid=10785) NON responsivo
[2025-12-21 23:37:56] (PID 10787) ALERT: processo OBSTACLE (pid=10783) NON responsivo
[2025-12-21 23:37:56] (PID 10787) ALERT: processo TARGET (pid=10784) NON responsivo
[2025-12-21 23:37:56] (PID 10787) ALERT: processo BLACKBOARD (pid=10786) NON responsivo
[2025-12-21 23:37:56] (PID 10787) PORCODIO
[2025-12-21 23:37:57] (PID 10787) SIGUSR1 ricevuto da PID sconosciuto (10804)
[2025-12-21 23:37:57] (PID 10787) ALERT: processo INPUT (pid=10782) NON responsivo
[2025-12-21 23:37:57] (PID 10787) ALERT: processo DRONE (pid=10785) NON responsivo
[2025-12-21 23:37:57] (PID 10787) ALERT: processo OBSTACLE (pid=10783) NON responsivo
[2025-12-21 23:37:57] (PID 10787) ALERT: processo TARGET (pid=10784) NON responsivo
[2025-12-21 23:37:57] (PID 10787) ALERT: processo BLACKBOARD (pid=10786) NON responsivo
[2025-12-21 23:37:57] (PID 10787) PORCODIO
[2025-12-21 23:37:58] (PID 10787) SIGUSR1 ricevuto da PID sconosciuto (10804)
[2025-12-21 23:37:58] (PID 10787) ALERT: processo INPUT (pid=10782) NON responsivo
[2025-12-21 23:37:58] (PID 10787) ALERT: processo DRONE (pid=10785) NON responsivo
[2025-12-21 23:37:58] (PID 10787) ALERT: processo OBSTACLE (pid=10783) NON responsivo
[2025-12-21 23:37:58] (PID 10787) ALERT: processo TARGET (pid=10784) NON responsivo
[2025-12-21 23:37:58] (PID 10787) ALERT: processo BLACKBOARD (pid=10786) NON responsivo
[2025-12-21 23:37:58] (PID 10787) PORCODIO
[2025-12-21 23:37:59] (PID 10787) SIGUSR1 ricevuto da PID sconosciuto (10804)
[2025-12-21 23:37:59] (PID 10787) ALERT: processo INPUT (pid=10782) NON responsivo
[2025-12-21 23:37:59] (PID 10787) ALERT: processo DRONE (pid=10785) NON responsivo
[2025-12-21 23:37:59] (PID 10787) ALERT: processo OBSTACLE (pid=10783) NON responsivo
[2025-12-21 23:37:59] (PID 10787) ALERT: processo TARGET (pid=10784) NON responsivo
[2025-12-21 23:37:59] (PID 10787) ALERT: processo BLACKBOARD (pid=10786) NON responsivo
[2025-12-21 23:37:59] (PID 10787) PORCODIO
[2025-12-21 23:38:00] (PID 10787) SIGUSR1 ricevuto da PID sconosciuto (10804)
[2025-12-21 23:38:00] (PID 10787) ALERT: processo INPUT (pid=10782) NON responsivo
[2025-12-21 23:38:00] (PID 10787) ALERT: processo DRONE (pid=10785) NON responsivo
[2025-12-21 23:38:00] (PID 10787) ALERT: processo OBSTACLE (pid=10783) NON responsivo
[2025-12-21 23:38:00] (PID 10787) ALERT: processo TARGET (pid=10784) NON responsivo
[2025-12-21 23:38:00] (PID 10787) ALERT: processo BLACKBOARD (pid=10786) NON responsivo
[2025-12-21 23:38:00] (PID 10787) PORCODIO
[2025-12-21 23:38:01] (PID 10787) SIGUSR1 ricevuto da PID sconosciuto (10804)
[2025-12-21 23:38:01] (PID 10787) ALERT: processo INPUT (pid=10782) NON responsivo
[2025-12-21 23:38:01] (PID 10787) ALERT: processo DRONE (pid=10785) NON responsivo
[2025-12-21 23:38:01] (PID 10787) ALERT: processo OBSTACLE (pid=10783) NON responsivo
[2025-12-21 23:38:01] (PID 10787) ALERT: processo TARGET (pid=10784) NON responsivo
[2025-12-21 23:38:01] (PID 10787) ALERT: processo BLACKBOARD (pid=10786) NON responsivo
[2025-12-21 23:38:01] (PID 10787) PORCODIO
[2025-12-21 23:38:02] (PID 10787) SIGUSR1 ricevuto da PID sconosciuto (10804)
[2025-12-21 23:38:02] (PID 10787) ALERT: processo INPUT (pid=10782) NON responsivo
[2025-12-21 23:38:02] (PID 10787) ALERT: processo DRONE (pid=10785) NON responsivo
[2025-12-21 23:38:02] (PID 10787) ALERT: processo OBSTACLE (pid=10783) NON responsivo
[2025-12-21 23:38:02] (PID 10787) ALERT: processo TARGET (pid=10784) NON responsivo
[2025-12-21 23:38:02] (PID 10787) ALERT: processo BLACKBOARD (pid=10786) NON responsivo
[2025-12-21 23:38:02] (PID 10787) PORCODIO
[2025-12-21 23:38:03] (PID 10787) SIGUSR1 ricevuto da PID sconosciuto (10804)
[2025-12-21 23:38:03] (PID 10787) ALERT: processo INPUT (pid=10782) NON responsivo
[2025-12-21 23:38:03] (PID 10787) ALERT: processo DRONE (pid=10785) NON responsivo
[2025-12-21 23:38:03] (PID 10787) ALERT: processo OBSTACLE (pid=10783) NON responsivo
[2025-12-21 23:38:03] (PID 10787) ALERT: processo TARGET (pid=10784) NON responsivo
[2025-12-21 23:38:03] (PID 10787) ALERT: processo BLACKBOARD (pid=10786) NON responsivo
[2025-12-21 23:38:03] (PID 10787) PORCODIO
[2025-12-21 23:38:04] (PID 10787) SIGUSR1 ricevuto da PID sconosciuto (10804)
[2025-12-21 23:38:04] (PID 10787) ALERT: processo INPUT (pid=10782) NON responsivo
[2025-12-21 23:38:04] (PID 10787) ALERT: processo DRONE (pid=10785) NON responsivo
[2025-12-21 23:38:04] (PID 10787) ALERT: processo OBSTACLE (pid=10783) NON responsivo
[2025-12-21 23:38:04] (PID 10787) ALERT: processo TARGET (pid=10784) NON responsivo
[2025-12-21 23:38:04] (PID 10787) ALERT: processo BLACKBOARD (pid=10786) NON responsivo
[2025-12-21 23:38:04] (PID 10787) PORCODIO
[2025-12-21 23:38:05] (PID 10787) SIGUSR1 ricevuto da PID sconosciuto (10804)
[2025-12-21 23:38:05] (PID 10787) ALERT: processo INPUT (pid=10782) NON responsivo
[2025-12-21 23:38:05] (PID 10787) ALERT: processo DRONE (pid=10785) NON responsivo
[2025-12-21 23:38:05] (PID 10787) ALERT: processo OBSTACLE (pid=10783) NON responsivo
[2025-12-21 23:38:05] (PID 10787) ALERT: processo TARGET (pid=10784) NON responsivo
[2025-12-21 23:38:05] (PID 10787) ALERT: processo BLACKBOARD (pid=10786) NON responsivo
[2025-12-21 23:38:05] (PID 10787) PORCODIO
[2025-12-21 23:38:06] (PID 10787) SIGUSR1 ricevuto da PID sconosciuto (10804)
[2025-12-21 23:38:06] (PID 10787) ALERT: processo INPUT (pid=10782) NON responsivo
[2025-12-21 23:38:06] (PID 10787) ALERT: processo DRONE (pid=10785) NON responsivo
[2025-12-21 23:38:06] (PID 10787) ALERT: processo OBSTACLE (pid=10783) NON responsivo
[2025-12-21 23:38:06] (PID 10787) ALERT: processo TARGET (pid=10784) NON responsivo
[2025-12-21 23:38:06] (PID 10787) ALERT: processo BLACKBOARD (pid=10786) NON responsivo
[2025-12-21 23:38:06] (PID 10787) PORCODIO
[2025-12-21 23:38:07] (PID 10787) SIGUSR1 ricevuto da PID sconosciuto (10804)
[2025-12-21 23:38:07] (PID 10787) ALERT: processo INPUT (pid=10782) NON responsivo
[2025-12-21 23:38:07] (PID 10787) ALERT: processo DRONE (pid=10785) NON responsivo
[2025-12-21 23:38:07] (PID 10787) ALERT: processo OBSTACLE (pid=10783) NON responsivo
[2025-12-21 23:38:07] (PID 10787) ALERT: processo TARGET (pid=10784) NON responsivo
[2025-12-21 23:38:07] (PID 10787) ALERT: processo BLACKBOARD (pid=10786) NON responsivo
[2025-12-21 23:38:07] (PID 10787) PORCODIO
[2025-12-21 23:38:08] (PID 10787) SIGUSR1 ricevuto da PID sconosciuto (10804)
[2025-12-21 23:38:08] (PID 10787) ALERT: processo INPUT (pid=10782) NON responsivo
[2025-12-21 23:38:08] (PID 10787) ALERT: processo DRONE (pid=10785) NON responsivo
[2025-12-21 23:38:08] (PID 10787) ALERT: processo OBSTACLE (pid=10783) NON responsivo
[2025-12-21 23:38:08] (PID 10787) ALERT: processo TARGET (pid=10784) NON responsivo
[2025-12-21 23:38:08] (PID 10787) ALERT: processo BLACKBOARD (pid=10786) NON responsivo
[2025-12-21 23:38:08] (PID 10787) PORCODIO
[2025-12-21 23:38:09] (PID 10787) SIGUSR1 ricevuto da PID sconosciuto (10804)
[2025-12-21 23:38:09] (PID 10787) ALERT: processo INPUT (pid=10782) NON responsivo
[2025-12-21 23:38:09] (PID 10787) ALERT: processo DRONE (pid=10785) NON responsivo
[2025-12-21 23:38:09] (PID 10787) ALERT: processo OBSTACLE (pid=10783) NON responsivo
[2025-12-21 23:38:09] (PID 10787) ALERT: processo TARGET (pid=10784) NON responsivo
[2025-12-21 23:38:09] (PID 10787) ALERT: processo BLACKBOARD (pid=10786) NON responsivo
[2025-12-21 23:38:09] (PID 10787) PORCODIO
[2025-12-21 23:38:10] (PID 10787) SIGUSR1 ricevuto da PID sconosciuto (10804)
[2025-12-21 23:38:10] (PID 10787) ALERT: processo INPUT (pid=10782) NON responsivo
[2025-12-21 23:38:10] (PID 10787) ALERT: processo DRONE (pid=10785) NON responsivo
[2025-12-21 23:38:10] (PID 10787) ALERT: processo OBSTACLE (pid=10783) NON responsivo
[2025-12-21 23:38:10] (PID 10787) ALERT: processo TARGET (pid=10784) NON responsivo
[2025-12-21 23:38:10] (PID 10787) ALERT: processo BLACKBOARD (pid=10786) NON responsivo
[2025-12-21 23:38:10] (PID 10787) PORCODIO
[2025-12-21 23:38:11] (PID 10787) SIGUSR1 ricevuto da PID sconosciuto (10804)
[2025-12-21 23:38:11] (PID 10787) ALERT: processo INPUT (pid=10782) NON responsivo
[2025-12-21 23:38:11] (PID 10787) ALERT: processo DRONE (pid=10785) NON responsivo
[2025-12-21 23:38:11] (PID 10787) ALERT: processo OBSTACLE (pid=10783) NON responsivo
[2025-12-21 23:38:11] (PID 10787) ALERT: processo TARGET (pid=10784) NON responsivo
[2025-12-21 23:38:11] (PID 10787) ALERT: processo BLACKBOARD (pid=10786) NON responsivo
[2025-12-21 23:38:11] (PID 10787) PORCODIO
[2025-12-21 23:38:12] (PID 10787) SIGUSR1 ricevuto da PID sconosciuto (10804)
[2025-12-21 23:38:12] (PID 10787) ALERT: processo INPUT (pid=10782) NON responsivo
[2025-12-21 23:38:12] (PID 10787) ALERT: processo DRONE (pid=10785) NON responsivo
[2025-12-21 23:38:12] (PID 10787) ALERT: processo OBSTACLE (pid=10783) NON responsivo
[2025-12-21 23:38:12] (PID 10787) ALERT: processo TARGET (pid=10784) NON responsivo
[2025-12-21 23:38:12] (PID 10787) ALERT: processo BLACKBOARD (pid=10786) NON responsivo
[2025-12-21 23:38:12] (PID 10787) PORCODIO
[2025-12-21 23:38:13] (PID 10787) SIGUSR1 ricevuto da PID sconosciuto (10804)
[2025-12-21 23:38:13] (PID 10787) ALERT: processo INPUT (pid=10782) NON responsivo
[2025-12-21 23:38:13] (PID 10787) ALERT: processo DRONE (pid=10785) NON responsivo
[2025-12-21 23:38:13] (PID 10787) ALERT: processo OBSTACLE (pid=10783) NON responsivo
[2025-12-21 23:38:13] (PID 10787) ALERT: processo TARGET (pid=10784) NON responsivo
[2025-12-21 23:38:13] (PID 10787) ALERT: processo BLACKBOARD (pid=10786) NON responsivo
[2025-12-21 23:38:13] (PID 10787) PORCODIO
[2025-12-21 23:38:14] (PID 10787) SIGUSR1 ricevuto da PID sconosciuto (10804)
[2025-12-21 23:38:14] (PID 10787) ALERT: processo INPUT (pid=10782) NON responsivo
[2025-12-21 23:38:14] (PID 10787) ALERT: processo DRONE (pid=10785) NON responsivo
[2025-12-21 23:38:14] (PID 10787) ALERT: processo OBSTACLE (pid=10783) NON responsivo
[2025-12-21 23:38:14] (PID 10787) ALERT: processo TARGET (pid=10784) NON responsivo
[2025-12-21 23:38:14] (PID 10787) ALERT: processo BLACKBOARD (pid=10786) NON responsivo
[2025-12-21 23:38:14] (PID 10787) PORCODIO
[2025-12-21 23:38:15] (PID 10787) SIGUSR1 ricevuto da PID sconosciuto (10804)
[2025-12-21 23:38:15] (PID 10787) ALERT: processo INPUT (pid=10782) NON responsivo
[2025-12-21 23:38:15] (PID 10787) ALERT: processo DRONE (pid=10785) NON responsivo
[2025-12-21 23:38:15] (PID 10787) ALERT: processo OBSTACLE (pid=10783) NON responsivo
[2025-12-21 23:38:15] (PID 10787) ALERT: processo TARGET (pid=10784) NON responsivo
[2025-12-21 23:38:15] (PID 10787) ALERT: processo BLACKBOARD (pid=10786) NON responsivo
[2025-12-21 23:38:15] (PID 10787) PORCODIO
[2025-12-21 23:38:16] (PID 10787) SIGUSR1 ricevuto da PID sconosciuto (10804)
[2025-12-21 23:38:16] (PID 10787) ALERT: processo INPUT (pid=10782) NON responsivo
[2025-12-21 23:38:16] (PID 10787) ALERT: processo DRONE (pid=10785) NON responsivo
[2025-12-21 23:38:16] (PID 10787) ALERT: processo OBSTACLE (pid=10783) NON responsivo
[2025-12-21 23:38:16] (PID 10787) ALERT: processo TARGET (pid=10784) NON responsivo
[2025-12-21 23:38:16] (PID 10787) ALERT: processo BLACKBOARD (pid=10786) NON responsivo
[2025-12-21 23:38:16] (PID 10787) PORCODIO
[2025-12-21 23:38:17] (PID 10787) SIGUSR1 ricevuto da PID sconosciuto (10804)
[2025-12-21 23:38:17] (PID 10787) ALERT: processo INPUT (pid=10782) NON responsivo
[2025-12-21 23:38:17] (PID 10787) ALERT: processo DRONE (pid=10785) NON responsivo
[2025-12-21 23:38:17] (PID 10787) ALERT: processo OBSTACLE (pid=10783) NON responsivo
[2025-12-21 23:38:17] (PID 10787) ALERT: processo TARGET (pid=10784) NON responsivo
[2025-12-21 23:38:17] (PID 10787) ALERT: processo BLACKBOARD (pid=10786) NON responsivo
[2025-12-21 23:38:17] (PID 10787) PORCODIO
[2025-12-21 23:38:18] (PID 10787) SIGUSR1 ricevuto da PID sconosciuto (10804)
[2025-12-21 23:38:18] (PID 10787) ALERT: processo INPUT (pid=10782) NON responsivo
[2025-12-21 23:38:18] (PID 10787) ALERT: processo DRONE (pid=10785) NON responsivo
[2025-12-21 23:38:18] (PID 10787) ALERT: processo OBSTACLE (pid=10783) NON responsivo
[2025-12-21 23:38:18] (PID 10787) ALERT: processo TARGET (pid=10784) NON responsivo
[2025-12-21 23:38:18] (PID 10787) ALERT: processo BLACKBOARD (pid=10786) NON responsivo
[2025-12-21 23:38:18] (PID 10787) PORCODIO
[2025-12-21 23:38:19] (PID 10787) SIGUSR1 ricevuto da PID sconosciuto (10804)
[2025-12-21 23:38:19] (PID 10787) ALERT: processo INPUT (pid=10782) NON responsivo
[2025-12-21 23:38:19] (PID 10787) ALERT: processo DRONE (pid=10785) NON responsivo
[2025-12-21 23:38:19] (PID 10787) ALERT: processo OBSTACLE (pid=10783) NON responsivo
[2025-12-21 23:38:19] (PID 10787) ALERT: processo TARGET (pid=10784) NON responsivo
[2025-12-21 23:38:19] (PID 10787) ALERT: processo BLACKBOARD (pid=10786) NON responsivo
[2025-12-21 23:38:19] (PID 10787) PORCODIO
[2025-12-21 23:38:20] (PID 10787) SIGUSR1 ricevuto da PID sconosciuto (10804)
[2025-12-21 23:38:20] (PID 10787) ALERT: processo INPUT (pid=10782) NON responsivo
[2025-12-21 23:38:20] (PID 10787) ALERT: processo DRONE (pid=10785) NON responsivo
[2025-12-21 23:38:20] (PID 10787) ALERT: processo OBSTACLE (pid=10783) NON responsivo
[2025-12-21 23:38:20] (PID 10787) ALERT: processo TARGET (pid=10784) NON responsivo
[2025-12-21 23:38:20] (PID 10787) ALERT: processo BLACKBOARD (pid=10786) NON responsivo
[2025-12-21 23:38:20] (PID 10787) PORCODIO
[2025-12-21 23:38:21] (PID 10787) SIGUSR1 ricevuto da PID sconosciuto (10804)
[2025-12-21 23:38:21] (PID 10787) ALERT: processo INPUT (pid=10782) NON responsivo
[2025-12-21 23:38:21] (PID 10787) ALERT: processo DRONE (pid=10785) NON responsivo
[2025-12-21 23:38:21] (PID 10787) ALERT: processo OBSTACLE (pid=10783) NON responsivo
[2025-12-21 23:38:21] (PID 10787) ALERT: processo TARGET (pid=10784) NON responsivo
[2025-12-21 23:38:21] (PID 10787) ALERT: processo BLACKBOARD (pid=10786) NON responsivo
[2025-12-21 23:38:21] (PID 10787) PORCODIO
[2025-12-21 23:38:22] (PID 10787) SIGUSR1 ricevuto da PID sconosciuto (10804)
[2025-12-21 23:38:22] (PID 10787) ALERT: processo INPUT (pid=10782) NON responsivo
[2025-12-21 23:38:22] (PID 10787) ALERT: processo DRONE (pid=10785) NON responsivo
[2025-12-21 23:38:22] (PID 10787) ALERT: processo OBSTACLE (pid=10783) NON responsivo
[2025-12-21 23:38:22] (PID 10787) ALERT: processo TARGET (pid=10784) NON responsivo
[2025-12-21 23:38:22] (PID 10787) ALERT: processo BLACKBOARD (pid=10786) NON responsivo
[2025-12-21 23:38:22] (PID 10787) PORCODIO
[2025-12-21 23:38:23] (PID 10787) SIGUSR1 ricevuto da PID sconosciuto (10804)
[2025-12-21 23:38:23] (PID 10787) ALERT: processo INPUT (pid=10782) NON responsivo
[2025-12-21 23:38:23] (PID 10787) ALERT: processo DRONE (pid=10785) NON responsivo
[2025-12-21 23:38:23] (PID 10787) ALERT: processo OBSTACLE (pid=10783) NON responsivo
[2025-12-21 23:38:23] (PID 10787) ALERT: processo TARGET (pid=10784) NON responsivo
[2025-12-21 23:38:23] (PID 10787) ALERT: processo BLACKBOARD (pid=10786) NON responsivo
[2025-12-21 23:38:23] (PID 10787) PORCODIO
[2025-12-21 23:38:24] (PID 10787) SIGUSR1 ricevuto da PID sconosciuto (10804)
[2025-12-21 23:38:24] (PID 10787) ALERT: processo INPUT (pid=10782) NON responsivo
[2025-12-21 23:38:24] (PID 10787) ALERT: processo DRONE (pid=10785) NON responsivo
[2025-12-21 23:38:24] (PID 10787) ALERT: processo OBSTACLE (pid=10783) NON responsivo
[2025-12-21 23:38:24] (PID 10787) ALERT: processo TARGET (pid=10784) NON responsivo
[2025-12-21 23:38:24] (PID 10787) ALERT: processo BLACKBOARD (pid=10786) NON responsivo
[2025-12-21 23:38:24] (PID 10787) PORCODIO
[2025-12-21 23:38:25] (PID 10787) SIGUSR1 ricevuto da PID sconosciuto (10804)
[2025-12-21 23:38:25] (PID 10787) ALERT: processo INPUT (pid=10782) NON responsivo
[2025-12-21 23:38:25] (PID 10787) ALERT: processo DRONE (pid=10785) NON responsivo
[2025-12-21 23:38:25] (PID 10787) ALERT: processo OBSTACLE (pid=10783) NON responsivo
[2025-12-21 23:38:25] (PID 10787) ALERT: processo TARGET (pid=10784) NON responsivo
[2025-12-21 23:38:25] (PID 10787) ALERT: processo BLACKBOARD (pid=10786) NON responsivo
[2025-12-21 23:38:25] (PID 10787) PORCODIO
[2025-12-21 23:38:26] (PID 10787) SIGUSR1 ricevuto da PID sconosciuto (10804)
[2025-12-21 23:38:26] (PID 10787) ALERT: processo INPUT (pid=10782) NON responsivo
[2025-12-21 23:38:26] (PID 10787) ALERT: processo DRONE (pid=10785) NON responsivo
[2025-12-21 23:38:26] (PID 10787) ALERT: processo OBSTACLE (pid=10783) NON responsivo
[2025-12-21 23:38:26] (PID 10787) ALERT: processo TARGET (pid=10784) NON responsivo
[2025-12-21 23:38:26] (PID 10787) ALERT: processo BLACKBOARD (pid=10786) NON responsivo
[2025-12-21 23:38:26] (PID 10787) PORCODIO
[2025-12-21 23:38:27] (PID 10787) SIGUSR1 ricevuto da PID sconosciuto (10804)
[2025-12-21 23:38:27] (PID 10787) ALERT: processo INPUT (pid=10782) NON responsivo
[2025-12-21 23:38:27] (PID 10787) ALERT: processo DRONE (pid=10785) NON responsivo
[2025-12-21 23:38:27] (PID 10787) ALERT: processo OBSTACLE (pid=10783) NON responsivo
[2025-12-21 23:38:27] (PID 10787) ALERT: processo TARGET (pid=10784) NON responsivo
[2025-12-21 23:38:27] (PID 10787) ALERT: processo BLACKBOARD (pid=10786) NON responsivo
[2025-12-21 23:38:27] (PID 10787) PORCODIO
[2025-12-21 23:38:28] (PID 10787) SIGUSR1 ricevuto da PID sconosciuto (10804)
[2025-12-21 23:38:28] (PID 10787) ALERT: processo INPUT (pid=10782) NON responsivo
[2025-12-21 23:38:28] (PID 10787) ALERT: processo DRONE (pid=10785) NON responsivo
[2025-12-21 23:38:28] (PID 10787) ALERT: processo OBSTACLE (pid=10783) NON responsivo
[2025-12-21 23:38:28] (PID 10787) ALERT: processo TARGET (pid=10784) NON responsivo
[2025-12-21 23:38:28] (PID 10787) ALERT: processo BLACKBOARD (pid=10786) NON responsivo
[2025-12-21 23:38:28] (PID 10787) PORCODIO
[2025-12-21 23:38:29] (PID 10787) SIGUSR1 ricevuto da PID sconosciuto (10804)
[2025-12-21 23:38:29] (PID 10787) ALERT: processo INPUT (pid=10782) NON responsivo
[2025-12-21 23:38:29] (PID 10787) ALERT: processo DRONE (pid=10785) NON responsivo
[2025-12-21 23:38:29] (PID 10787) ALERT: processo OBSTACLE (pid=10783) NON responsivo
[2025-12-21 23:38:29] (PID 10787) ALERT: processo TARGET (pid=10784) NON responsivo
[2025-12-21 23:38:29] (PID 10787) ALERT: processo BLACKBOARD (pid=10786) NON responsivo
[2025-12-21 23:38:29] (PID 10787) PORCODIO
[2025-12-21 23:38:30] (PID 10787) SIGUSR1 ricevuto da PID sconosciuto (10804)
[2025-12-21 23:38:30] (PID 10787) ALERT: processo INPUT (pid=10782) NON responsivo
[2025-12-21 23:38:30] (PID 10787) ALERT: processo DRONE (pid=10785) NON responsivo
[2025-12-21 23:38:30] (PID 10787) ALERT: processo OBSTACLE (pid=10783) NON responsivo
[2025-12-21 23:38:30] (PID 10787) ALERT: processo TARGET (pid=10784) NON responsivo
[2025-12-21 23:38:30] (PID 10787) ALERT: processo BLACKBOARD (pid=10786) NON responsivo
[2025-12-21 23:38:30] (PID 10787) PORCODIO
[2025-12-21 23:38:31] (PID 10787) SIGUSR1 ricevuto da PID sconosciuto (10804)
[2025-12-21 23:38:31] (PID 10787) ALERT: processo INPUT (pid=10782) NON responsivo
[2025-12-21 23:38:31] (PID 10787) ALERT: processo DRONE (pid=10785) NON responsivo
[2025-12-21 23:38:31] (PID 10787) ALERT: processo OBSTACLE (pid=10783) NON responsivo
[2025-12-21 23:38:31] (PID 10787) ALERT: processo TARGET (pid=10784) NON responsivo
[2025-12-21 23:38:31] (PID 10787) ALERT: processo BLACKBOARD (pid=10786) NON responsivo
[2025-12-21 23:38:31] (PID 10787) PORCODIO
[2025-12-21 23:38:32] (PID 10787) SIGUSR1 ricevuto da PID sconosciuto (10804)
[2025-12-21 23:38:32] (PID 10787) ALERT: processo INPUT (pid=10782) NON responsivo
[2025-12-21 23:38:32] (PID 10787) ALERT: processo DRONE (pid=10785) NON responsivo
[2025-12-21 23:38:32] (PID 10787) ALERT: processo OBSTACLE (pid=10783) NON responsivo
[2025-12-21 23:38:32] (PID 10787) ALERT: processo TARGET (pid=10784) NON responsivo
[2025-12-21 23:38:32] (PID 10787) ALERT: processo BLACKBOARD (pid=10786) NON responsivo
[2025-12-21 23:38:32] (PID 10787) PORCODIO
[2025-12-21 23:38:33] (PID 10787) SIGUSR1 ricevuto da PID sconosciuto (10804)
[2025-12-21 23:38:33] (PID 10787) ALERT: processo INPUT (pid=10782) NON responsivo
[2025-12-21 23:38:33] (PID 10787) ALERT: processo DRONE (pid=10785) NON responsivo
[2025-12-21 23:38:33] (PID 10787) ALERT: processo OBSTACLE (pid=10783) NON responsivo
[2025-12-21 23:38:33] (PID 10787) ALERT: processo TARGET (pid=10784) NON responsivo
[2025-12-21 23:38:33] (PID 10787) ALERT: processo BLACKBOARD (pid=10786) NON responsivo
[2025-12-21 23:38:33] (PID 10787) PORCODIO
[2025-12-21 23:38:34] (PID 10787) SIGUSR1 ricevuto da PID sconosciuto (10804)
[2025-12-21 23:38:34] (PID 10787) ALERT: processo INPUT (pid=10782) NON responsivo
[2025-12-21 23:38:34] (PID 10787) ALERT: processo DRONE (pid=10785) NON responsivo
[2025-12-21 23:38:34] (PID 10787) ALERT: processo OBSTACLE (pid=10783) NON responsivo
[2025-12-21 23:38:34] (PID 10787) ALERT: processo TARGET (pid=10784) NON responsivo
[2025-12-21 23:38:34] (PID 10787) ALERT: processo BLACKBOARD (pid=10786) NON responsivo
[2025-12-21 23:38:34] (PID 10787) PORCODIO
[2025-12-21 23:38:35] (PID 10787) SIGUSR1 ricevuto da PID sconosciuto (10804)
[2025-12-21 23:38:35] (PID 10787) ALERT: processo INPUT (pid=10782) NON responsivo
[2025-12-21 23:38:35] (PID 10787) ALERT: processo DRONE (pid=10785) NON responsivo
[2025-12-21 23:38:35] (PID 10787) ALERT: processo OBSTACLE (pid=10783) NON responsivo
[2025-12-21 23:38:35] (PID 10787) ALERT: processo TARGET (pid=10784) NON responsivo
[2025-12-21 23:38:35] (PID 10787) ALERT: processo BLACKBOARD (pid=10786) NON responsivo
[2025-12-21 23:38:35] (PID 10787) PORCODIO
[2025-12-21 23:38:36] (PID 10787) SIGUSR1 ricevuto da PID sconosciuto (10804)
[2025-12-21 23:38:36] (PID 10787) ALERT: processo INPUT (pid=10782) NON responsivo
[2025-12-21 23:38:36] (PID 10787) ALERT: processo DRONE (pid=10785) NON responsivo
[2025-12-21 23:38:36] (PID 10787) ALERT: processo OBSTACLE (pid=10783) NON responsivo
[2025-12-21 23:38:36] (PID 10787) ALERT: processo TARGET (pid=10784) NON responsivo
[2025-12-21 23:38:36] (PID 10787) ALERT: processo BLACKBOARD (pid=10786) NON responsivo
[2025-12-21 23:38:36] (PID 10787) PORCODIO
[2025-12-21 23:38:37] (PID 10787) SIGUSR1 ricevuto da PID sconosciuto (10804)
[2025-12-21 23:38:37] (PID 10787) ALERT: processo INPUT (pid=10782) NON responsivo
[2025-12-21 23:38:37] (PID 10787) ALERT: processo DRONE (pid=10785) NON responsivo
[2025-12-21 23:38:37] (PID 10787) ALERT: processo OBSTACLE (pid=10783) NON responsivo
[2025-12-21 23:38:37] (PID 10787) ALERT: processo TARGET (pid=10784) NON responsivo
[2025-12-21 23:38:37] (PID 10787) ALERT: processo BLACKBOARD (pid=10786) NON responsivo
[2025-12-21 23:38:37] (PID 10787) PORCODIO
[2025-12-21 23:38:38] (PID 10787) SIGUSR1 ricevuto da PID sconosciuto (10804)
[2025-12-21 23:38:38] (PID 10787) ALERT: processo INPUT (pid=10782) NON responsivo
[2025-12-21 23:38:38] (PID 10787) ALERT: processo DRONE (pid=10785) NON responsivo
[2025-12-21 23:38:38] (PID 10787) ALERT: processo OBSTACLE (pid=10783) NON responsivo
[2025-12-21 23:38:38] (PID 10787) ALERT: processo TARGET (pid=10784) NON responsivo
[2025-12-21 23:38:38] (PID 10787) ALERT: processo BLACKBOARD (pid=10786) NON responsivo
[2025-12-21 23:38:38] (PID 10787) PORCODIO
[2025-12-21 23:38:39] (PID 10787) SIGUSR1 ricevuto da PID sconosciuto (10804)
[2025-12-21 23:38:39] (PID 10787) ALERT: processo INPUT (pid=10782) NON responsivo
[2025-12-21 23:38:39] (PID 10787) ALERT: processo DRONE (pid=10785) NON responsivo
[2025-12-21 23:38:39] (PID 10787) ALERT: processo OBSTACLE (pid=10783) NON responsivo
[2025-12-21 23:38:39] (PID 10787) ALERT: processo TARGET (pid=10784) NON responsivo
[2025-12-21 23:38:39] (PID 10787) ALERT: processo BLACKBOARD (pid=10786) NON responsivo
[2025-12-21 23:38:39] (PID 10787) PORCODIO
[2025-12-21 23:38:40] (PID 10787) SIGUSR1 ricevuto da PID sconosciuto (10804)
[2025-12-21 23:38:40] (PID 10787) ALERT: processo INPUT (pid=10782) NON responsivo
[2025-12-21 23:38:40] (PID 10787) ALERT: processo DRONE (pid=10785) NON responsivo
[2025-12-21 23:38:40] (PID 10787) ALERT: processo OBSTACLE (pid=10783) NON responsivo
[2025-12-21 23:38:40] (PID 10787) ALERT: processo TARGET (pid=10784) NON responsivo
[2025-12-21 23:38:40] (PID 10787) ALERT: processo BLACKBOARD (pid=10786) NON responsivo
[2025-12-21 23:38:40] (PID 10787) PORCODIO
[2025-12-21 23:38:44] (PID 10912) Watchdog process started (argc=11)
[2025-12-21 23:38:44] (PID 10912) Registrato processo: INPUT (pid=10907)
[2025-12-21 23:38:44] (PID 10912) Registrato processo: DRONE (pid=10910)
[2025-12-21 23:38:44] (PID 10912) Registrato processo: OBSTACLE (pid=10908)
[2025-12-21 23:38:44] (PID 10912) Registrato processo: TARGET (pid=10909)
[2025-12-21 23:38:44] (PID 10912) Registrato processo: BLACKBOARD (pid=10911)
[2025-12-21 23:38:44] (PID 10912) Watchdog avviato correttamente (5 processi monitorati)
[2025-12-21 23:38:44] (PID 10912) PORCODIO
[2025-12-21 23:38:44] (PID 10912) SIGUSR1 ricevuto da PID sconosciuto (10929)
[2025-12-21 23:38:44] (PID 10912) ALERT: processo INPUT (pid=10907) NON responsivo
[2025-12-21 23:38:44] (PID 10912) ALERT: processo DRONE (pid=10910) NON responsivo
[2025-12-21 23:38:44] (PID 10912) ALERT: processo OBSTACLE (pid=10908) NON responsivo
[2025-12-21 23:38:44] (PID 10912) ALERT: processo TARGET (pid=10909) NON responsivo
[2025-12-21 23:38:44] (PID 10912) ALERT: processo BLACKBOARD (pid=10911) NON responsivo
[2025-12-21 23:38:44] (PID 10912) PORCODIO
[2025-12-21 23:38:45] (PID 10912) SIGUSR1 ricevuto da PID sconosciuto (10929)
[2025-12-21 23:38:45] (PID 10912) ALERT: processo INPUT (pid=10907) NON responsivo
[2025-12-21 23:38:45] (PID 10912) ALERT: processo DRONE (pid=10910) NON responsivo
[2025-12-21 23:38:45] (PID 10912) ALERT: processo OBSTACLE (pid=10908) NON responsivo
[2025-12-21 23:38:45] (PID 10912) ALERT: processo TARGET (pid=10909) NON responsivo
[2025-12-21 23:38:45] (PID 10912) ALERT: processo BLACKBOARD (pid=10911) NON responsivo
[2025-12-21 23:38:45] (PID 10912) PORCODIO
[2025-12-21 23:38:46] (PID 10912) SIGUSR1 ricevuto da PID sconosciuto (10929)
[2025-12-21 23:38:46] (PID 10912) ALERT: processo INPUT (pid=10907) NON responsivo
[2025-12-21 23:38:46] (PID 10912) ALERT: processo DRONE (pid=10910) NON responsivo
[2025-12-21 23:38:46] (PID 10912) ALERT: processo OBSTACLE (pid=10908) NON responsivo
[2025-12-21 23:38:46] (PID 10912) ALERT: processo TARGET (pid=10909) NON responsivo
[2025-12-21 23:38:46] (PID 10912) ALERT: processo BLACKBOARD (pid=10911) NON responsivo
[2025-12-21 23:38:46] (PID 10912) PORCODIO
[2025-12-21 23:38:47] (PID 10912) SIGUSR1 ricevuto da PID sconosciuto (10929)
[2025-12-21 23:38:47] (PID 10912) ALERT: processo INPUT (pid=10907) NON responsivo
[2025-12-21 23:38:47] (PID 10912) ALERT: processo DRONE (pid=10910) NON responsivo
[2025-12-21 23:38:47] (PID 10912) ALERT: processo OBSTACLE (pid=10908) NON responsivo
[2025-12-21 23:38:47] (PID 10912) ALERT: processo TARGET (pid=10909) NON responsivo
[2025-12-21 23:38:47] (PID 10912) ALERT: processo BLACKBOARD (pid=10911) NON responsivo
[2025-12-21 23:38:47] (PID 10912) PORCODIO
[2025-12-21 23:38:48] (PID 10912) SIGUSR1 ricevuto da PID sconosciuto (10929)
[2025-12-21 23:38:48] (PID 10912) ALERT: processo INPUT (pid=10907) NON responsivo
[2025-12-21 23:38:48] (PID 10912) ALERT: processo DRONE (pid=10910) NON responsivo
[2025-12-21 23:38:48] (PID 10912) ALERT: processo OBSTACLE (pid=10908) NON responsivo
[2025-12-21 23:38:48] (PID 10912) ALERT: processo TARGET (pid=10909) NON responsivo
[2025-12-21 23:38:48] (PID 10912) ALERT: processo BLACKBOARD (pid=10911) NON responsivo
[2025-12-21 23:38:48] (PID 10912) PORCODIO
[2025-12-21 23:38:49] (PID 10912) SIGUSR1 ricevuto da PID sconosciuto (10929)
[2025-12-21 23:38:49] (PID 10912) ALERT: processo INPUT (pid=10907) NON responsivo
[2025-12-21 23:38:49] (PID 10912) ALERT: processo DRONE (pid=10910) NON responsivo
[2025-12-21 23:38:49] (PID 10912) ALERT: processo OBSTACLE (pid=10908) NON responsivo
[2025-12-21 23:38:49] (PID 10912) ALERT: processo TARGET (pid=10909) NON responsivo
[2025-12-21 23:38:49] (PID 10912) ALERT: processo BLACKBOARD (pid=10911) NON responsivo
[2025-12-21 23:38:49] (PID 10912) PORCODIO
[2025-12-21 23:38:50] (PID 10912) SIGUSR1 ricevuto da PID sconosciuto (10929)
[2025-12-21 23:38:50] (PID 10912) ALERT: processo INPUT (pid=10907) NON responsivo
[2025-12-21 23:38:50] (PID 10912) ALERT: processo DRONE (pid=10910) NON responsivo
[2025-12-21 23:38:50] (PID 10912) ALERT: processo OBSTACLE (pid=10908) NON responsivo
[2025-12-21 23:38:50] (PID 10912) ALERT: processo TARGET (pid=10909) NON responsivo
[2025-12-21 23:38:50] (PID 10912) ALERT: processo BLACKBOARD (pid=10911) NON responsivo
[2025-12-21 23:38:50] (PID 10912) PORCODIO
[2025-12-21 23:38:51] (PID 10912) SIGUSR1 ricevuto da PID sconosciuto (10929)
[2025-12-21 23:38:51] (PID 10912) ALERT: processo INPUT (pid=10907) NON responsivo
[2025-12-21 23:38:51] (PID 10912) ALERT: processo DRONE (pid=10910) NON responsivo
[2025-12-21 23:38:51] (PID 10912) ALERT: processo OBSTACLE (pid=10908) NON responsivo
[2025-12-21 23:38:51] (PID 10912) ALERT: processo TARGET (pid=10909) NON responsivo
[2025-12-21 23:38:51] (PID 10912) ALERT: processo BLACKBOARD (pid=10911) NON responsivo
[2025-12-21 23:38:51] (PID 10912) PORCODIO
[2025-12-21 23:38:52] (PID 10912) SIGUSR1 ricevuto da PID sconosciuto (10929)
[2025-12-21 23:38:52] (PID 10912) ALERT: processo INPUT (pid=10907) NON responsivo
[2025-12-21 23:38:52] (PID 10912) ALERT: processo DRONE (pid=10910) NON responsivo
[2025-12-21 23:38:52] (PID 10912) ALERT: processo OBSTACLE (pid=10908) NON responsivo
[2025-12-21 23:38:52] (PID 10912) ALERT: processo TARGET (pid=10909) NON responsivo
[2025-12-21 23:38:52] (PID 10912) ALERT: processo BLACKBOARD (pid=10911) NON responsivo
[2025-12-21 23:38:52] (PID 10912) PORCODIO
[2025-12-21 23:38:57] (PID 10912) ALERT: processo INPUT (pid=10907) NON responsivo
[2025-12-21 23:38:57] (PID 10912) ALERT: processo DRONE (pid=10910) NON responsivo
[2025-12-21 23:38:57] (PID 10912) ALERT: processo OBSTACLE (pid=10908) NON responsivo
[2025-12-21 23:38:57] (PID 10912) ALERT: processo TARGET (pid=10909) NON responsivo
[2025-12-21 23:38:57] (PID 10912) ALERT: processo BLACKBOARD (pid=10911) NON responsivo
[2025-12-21 23:38:57] (PID 10912) PORCODIO
[2025-12-21 23:39:02] (PID 10912) ALERT: processo INPUT (pid=10907) NON responsivo
[2025-12-21 23:39:02] (PID 10912) ALERT: processo DRONE (pid=10910) NON responsivo
[2025-12-21 23:39:02] (PID 10912) ALERT: processo OBSTACLE (pid=10908) NON responsivo
[2025-12-21 23:39:02] (PID 10912) ALERT: processo TARGET (pid=10909) NON responsivo
[2025-12-21 23:39:02] (PID 10912) ALERT: processo BLACKBOARD (pid=10911) NON responsivo
[2025-12-21 23:39:02] (PID 10912) PORCODIO
[2025-12-21 23:39:07] (PID 10912) ALERT: processo INPUT (pid=10907) NON responsivo
[2025-12-21 23:39:07] (PID 10912) ALERT: processo DRONE (pid=10910) NON responsivo
[2025-12-21 23:39:07] (PID 10912) ALERT: processo OBSTACLE (pid=10908) NON responsivo
[2025-12-21 23:39:07] (PID 10912) ALERT: processo TARGET (pid=10909) NON responsivo
[2025-12-21 23:39:07] (PID 10912) ALERT: processo BLACKBOARD (pid=10911) NON responsivo
[2025-12-21 23:39:07] (PID 10912) PORCODIO
[2025-12-21 23:39:12] (PID 10912) ALERT: processo INPUT (pid=10907) NON responsivo
[2025-12-21 23:39:12] (PID 10912) ALERT: processo DRONE (pid=10910) NON responsivo
[2025-12-21 23:39:12] (PID 10912) ALERT: processo OBSTACLE (pid=10908) NON responsivo
[2025-12-21 23:39:12] (PID 10912) ALERT: processo TARGET (pid=10909) NON responsivo
[2025-12-21 23:39:12] (PID 10912) ALERT: processo BLACKBOARD (pid=10911) NON responsivo
[2025-12-21 23:39:12] (PID 10912) PORCODIO
[2025-12-21 23:39:17] (PID 10912) ALERT: processo INPUT (pid=10907) NON responsivo
[2025-12-21 23:39:17] (PID 10912) ALERT: processo DRONE (pid=10910) NON responsivo
[2025-12-21 23:39:17] (PID 10912) ALERT: processo OBSTACLE (pid=10908) NON responsivo
[2025-12-21 23:39:17] (PID 10912) ALERT: processo TARGET (pid=10909) NON responsivo
[2025-12-21 23:39:17] (PID 10912) ALERT: processo BLACKBOARD (pid=10911) NON responsivo
[2025-12-21 23:39:17] (PID 10912) PORCODIO
[2025-12-21 23:39:22] (PID 10912) ALERT: processo INPUT (pid=10907) NON responsivo
[2025-12-21 23:39:22] (PID 10912) ALERT: processo DRONE (pid=10910) NON responsivo
[2025-12-21 23:39:22] (PID 10912) ALERT: processo OBSTACLE (pid=10908) NON responsivo
[2025-12-21 23:39:22] (PID 10912) ALERT: processo TARGET (pid=10909) NON responsivo
[2025-12-21 23:39:22] (PID 10912) ALERT: processo BLACKBOARD (pid=10911) NON responsivo
[2025-12-21 23:39:22] (PID 10912) PORCODIO
[2025-12-21 23:39:27] (PID 10912) ALERT: processo INPUT (pid=10907) NON responsivo
[2025-12-21 23:39:27] (PID 10912) ALERT: processo DRONE (pid=10910) NON responsivo
[2025-12-21 23:39:27] (PID 10912) ALERT: processo OBSTACLE (pid=10908) NON responsivo
[2025-12-21 23:39:27] (PID 10912) ALERT: processo TARGET (pid=10909) NON responsivo
[2025-12-21 23:39:27] (PID 10912) ALERT: processo BLACKBOARD (pid=10911) NON responsivo
[2025-12-21 23:39:27] (PID 10912) PORCODIO
[2025-12-21 23:39:32] (PID 10912) ALERT: processo INPUT (pid=10907) NON responsivo
[2025-12-21 23:39:32] (PID 10912) ALERT: processo DRONE (pid=10910) NON responsivo
[2025-12-21 23:39:32] (PID 10912) ALERT: processo OBSTACLE (pid=10908) NON responsivo
[2025-12-21 23:39:32] (PID 10912) ALERT: processo TARGET (pid=10909) NON responsivo
[2025-12-21 23:39:32] (PID 10912) ALERT: processo BLACKBOARD (pid=10911) NON responsivo
[2025-12-21 23:39:32] (PID 10912) PORCODIO
[2025-12-21 23:39:37] (PID 10912) ALERT: processo INPUT (pid=10907) NON responsivo
[2025-12-21 23:39:37] (PID 10912) ALERT: processo DRONE (pid=10910) NON responsivo
[2025-12-21 23:39:37] (PID 10912) ALERT: processo OBSTACLE (pid=10908) NON responsivo
[2025-12-21 23:39:37] (PID 10912) ALERT: processo TARGET (pid=10909) NON responsivo
[2025-12-21 23:39:37] (PID 10912) ALERT: processo BLACKBOARD (pid=10911) NON responsivo
[2025-12-21 23:39:37] (PID 10912) PORCODIO
[2025-12-21 23:39:42] (PID 10912) ALERT: processo INPUT (pid=10907) NON responsivo
[2025-12-21 23:39:42] (PID 10912) ALERT: processo DRONE (pid=10910) NON responsivo
[2025-12-21 23:39:42] (PID 10912) ALERT: processo OBSTACLE (pid=10908) NON responsivo
[2025-12-21 23:39:42] (PID 10912) ALERT: processo TARGET (pid=10909) NON responsivo
[2025-12-21 23:39:42] (PID 10912) ALERT: processo BLACKBOARD (pid=10911) NON responsivo
[2025-12-21 23:39:42] (PID 10912) PORCODIO
[2025-12-21 23:39:47] (PID 10912) ALERT: processo INPUT (pid=10907) NON responsivo
[2025-12-21 23:39:47] (PID 10912) ALERT: processo DRONE (pid=10910) NON responsivo
[2025-12-21 23:39:47] (PID 10912) ALERT: processo OBSTACLE (pid=10908) NON responsivo
[2025-12-21 23:39:47] (PID 10912) ALERT: processo TARGET (pid=10909) NON responsivo
[2025-12-21 23:39:47] (PID 10912) ALERT: processo BLACKBOARD (pid=10911) NON responsivo
[2025-12-21 23:39:47] (PID 10912) PORCODIO
[2025-12-21 23:39:52] (PID 10912) ALERT: processo INPUT (pid=10907) NON responsivo
[2025-12-21 23:39:52] (PID 10912) ALERT: processo DRONE (pid=10910) NON responsivo
[2025-12-21 23:39:52] (PID 10912) ALERT: processo OBSTACLE (pid=10908) NON responsivo
[2025-12-21 23:39:52] (PID 10912) ALERT: processo TARGET (pid=10909) NON responsivo
[2025-12-21 23:39:52] (PID 10912) ALERT: processo BLACKBOARD (pid=10911) NON responsivo
[2025-12-21 23:39:52] (PID 10912) PORCODIO
[2025-12-21 23:39:57] (PID 10912) ALERT: processo INPUT (pid=10907) NON responsivo
[2025-12-21 23:39:57] (PID 10912) ALERT: processo DRONE (pid=10910) NON responsivo
[2025-12-21 23:39:57] (PID 10912) ALERT: processo OBSTACLE (pid=10908) NON responsivo
[2025-12-21 23:39:57] (PID 10912) ALERT: processo TARGET (pid=10909) NON responsivo
[2025-12-21 23:39:57] (PID 10912) ALERT: processo BLACKBOARD (pid=10911) NON responsivo
[2025-12-21 23:39:57] (PID 10912) PORCODIO
[2025-12-21 23:40:02] (PID 10912) ALERT: processo INPUT (pid=10907) NON responsivo
[2025-12-21 23:40:02] (PID 10912) ALERT: processo DRONE (pid=10910) NON responsivo
[2025-12-21 23:40:02] (PID 10912) ALERT: processo OBSTACLE (pid=10908) NON responsivo
[2025-12-21 23:40:02] (PID 10912) ALERT: processo TARGET (pid=10909) NON responsivo
[2025-12-21 23:40:02] (PID 10912) ALERT: processo BLACKBOARD (pid=10911) NON responsivo
[2025-12-21 23:40:02] (PID 10912) PORCODIO
[2025-12-21 23:40:07] (PID 10912) ALERT: processo INPUT (pid=10907) NON responsivo
[2025-12-21 23:40:07] (PID 10912) ALERT: processo DRONE (pid=10910) NON responsivo
[2025-12-21 23:40:07] (PID 10912) ALERT: processo OBSTACLE (pid=10908) NON responsivo
[2025-12-21 23:40:07] (PID 10912) ALERT: processo TARGET (pid=10909) NON responsivo
[2025-12-21 23:40:07] (PID 10912) ALERT: processo BLACKBOARD (pid=10911) NON responsivo
[2025-12-21 23:40:07] (PID 10912) PORCODIO
[2025-12-21 23:40:12] (PID 10912) ALERT: processo INPUT (pid=10907) NON responsivo
[2025-12-21 23:40:12] (PID 10912) ALERT: processo DRONE (pid=10910) NON responsivo
[2025-12-21 23:40:12] (PID 10912) ALERT: processo OBSTACLE (pid=10908) NON responsivo
[2025-12-21 23:40:12] (PID 10912) ALERT: processo TARGET (pid=10909) NON responsivo
[2025-12-21 23:40:12] (PID 10912) ALERT: processo BLACKBOARD (pid=10911) NON responsivo
[2025-12-21 23:40:12] (PID 10912) PORCODIO
[2025-12-21 23:40:17] (PID 10912) ALERT: processo INPUT (pid=10907) NON responsivo
[2025-12-21 23:40:17] (PID 10912) ALERT: processo DRONE (pid=10910) NON responsivo
[2025-12-21 23:40:17] (PID 10912) ALERT: processo OBSTACLE (pid=10908) NON responsivo
[2025-12-21 23:40:17] (PID 10912) ALERT: processo TARGET (pid=10909) NON responsivo
[2025-12-21 23:40:17] (PID 10912) ALERT: processo BLACKBOARD (pid=10911) NON responsivo
[2025-12-21 23:40:17] (PID 10912) PORCODIO
[2025-12-21 23:40:22] (PID 10912) ALERT: processo INPUT (pid=10907) NON responsivo
[2025-12-21 23:40:22] (PID 10912) ALERT: processo DRONE (pid=10910) NON responsivo
[2025-12-21 23:40:22] (PID 10912) ALERT: processo OBSTACLE (pid=10908) NON responsivo
[2025-12-21 23:40:22] (PID 10912) ALERT: processo TARGET (pid=10909) NON responsivo
[2025-12-21 23:40:22] (PID 10912) ALERT: processo BLACKBOARD (pid=10911) NON responsivo
[2025-12-21 23:40:22] (PID 10912) PORCODIO
[2025-12-21 23:40:27] (PID 10912) ALERT: processo INPUT (pid=10907) NON responsivo
[2025-12-21 23:40:27] (PID 10912) ALERT: processo DRONE (pid=10910) NON responsivo
[2025-12-21 23:40:27] (PID 10912) ALERT: processo OBSTACLE (pid=10908) NON responsivo
[2025-12-21 23:40:27] (PID 10912) ALERT: processo TARGET (pid=10909) NON responsivo
[2025-12-21 23:40:27] (PID 10912) ALERT: processo BLACKBOARD (pid=10911) NON responsivo
[2025-12-21 23:40:27] (PID 10912) PORCODIO
[2025-12-21 23:40:32] (PID 10912) ALERT: processo INPUT (pid=10907) NON responsivo
[2025-12-21 23:40:32] (PID 10912) ALERT: processo DRONE (pid=10910) NON responsivo
[2025-12-21 23:40:32] (PID 10912) ALERT: processo OBSTACLE (pid=10908) NON responsivo
[2025-12-21 23:40:32] (PID 10912) ALERT: processo TARGET (pid=10909) NON responsivo
[2025-12-21 23:40:32] (PID 10912) ALERT: processo BLACKBOARD (pid=10911) NON responsivo
[2025-12-21 23:40:32] (PID 10912) PORCODIO
[2025-12-21 23:40:37] (PID 10912) ALERT: processo INPUT (pid=10907) NON responsivo
[2025-12-21 23:40:37] (PID 10912) ALERT: processo DRONE (pid=10910) NON responsivo
[2025-12-21 23:40:37] (PID 10912) ALERT: processo OBSTACLE (pid=10908) NON responsivo
[2025-12-21 23:40:37] (PID 10912) ALERT: processo TARGET (pid=10909) NON responsivo
[2025-12-21 23:40:37] (PID 10912) ALERT: processo BLACKBOARD (pid=10911) NON responsivo
[2025-12-21 23:40:37] (PID 10912) PORCODIO
[2025-12-21 23:40:42] (PID 10912) ALERT: processo INPUT (pid=10907) NON responsivo
[2025-12-21 23:40:42] (PID 10912) ALERT: processo DRONE (pid=10910) NON responsivo
[2025-12-21 23:40:42] (PID 10912) ALERT: processo OBSTACLE (pid=10908) NON responsivo
[2025-12-21 23:40:42] (PID 10912) ALERT: processo TARGET (pid=10909) NON responsivo
[2025-12-21 23:40:42] (PID 10912) ALERT: processo BLACKBOARD (pid=10911) NON responsivo
[2025-12-21 23:40:42] (PID 10912) PORCODIO
[2025-12-21 23:40:47] (PID 10912) ALERT: processo INPUT (pid=10907) NON responsivo
[2025-12-21 23:40:47] (PID 10912) ALERT: processo DRONE (pid=10910) NON responsivo
[2025-12-21 23:40:47] (PID 10912) ALERT: processo OBSTACLE (pid=10908) NON responsivo
[2025-12-21 23:40:47] (PID 10912) ALERT: processo TARGET (pid=10909) NON responsivo
[2025-12-21 23:40:47] (PID 10912) ALERT: processo BLACKBOARD (pid=10911) NON responsivo
[2025-12-21 23:40:47] (PID 10912) PORCODIO
[2025-12-21 23:40:52] (PID 10912) ALERT: processo INPUT (pid=10907) NON responsivo
[2025-12-21 23:40:52] (PID 10912) ALERT: processo DRONE (pid=10910) NON responsivo
[2025-12-21 23:40:52] (PID 10912) ALERT: processo OBSTACLE (pid=10908) NON responsivo
[2025-12-21 23:40:52] (PID 10912) ALERT: processo TARGET (pid=10909) NON responsivo
[2025-12-21 23:40:52] (PID 10912) ALERT: processo BLACKBOARD (pid=10911) NON responsivo
[2025-12-21 23:40:52] (PID 10912) PORCODIO
[2025-12-21 23:40:57] (PID 10912) ALERT: processo INPUT (pid=10907) NON responsivo
[2025-12-21 23:40:57] (PID 10912) ALERT: processo DRONE (pid=10910) NON responsivo
[2025-12-21 23:40:57] (PID 10912) ALERT: processo OBSTACLE (pid=10908) NON responsivo
[2025-12-21 23:40:57] (PID 10912) ALERT: processo TARGET (pid=10909) NON responsivo
[2025-12-21 23:40:57] (PID 10912) ALERT: processo BLACKBOARD (pid=10911) NON responsivo
[2025-12-21 23:40:57] (PID 10912) PORCODIO
[2025-12-21 23:41:02] (PID 10912) ALERT: processo INPUT (pid=10907) NON responsivo
[2025-12-21 23:41:02] (PID 10912) ALERT: processo DRONE (pid=10910) NON responsivo
[2025-12-21 23:41:02] (PID 10912) ALERT: processo OBSTACLE (pid=10908) NON responsivo
[2025-12-21 23:41:02] (PID 10912) ALERT: processo TARGET (pid=10909) NON responsivo
[2025-12-21 23:41:02] (PID 10912) ALERT: processo BLACKBOARD (pid=10911) NON responsivo
[2025-12-21 23:41:02] (PID 10912) PORCODIO
[2025-12-21 23:41:07] (PID 10912) ALERT: processo INPUT (pid=10907) NON responsivo
[2025-12-21 23:41:07] (PID 10912) ALERT: processo DRONE (pid=10910) NON responsivo
[2025-12-21 23:41:07] (PID 10912) ALERT: processo OBSTACLE (pid=10908) NON responsivo
[2025-12-21 23:41:07] (PID 10912) ALERT: processo TARGET (pid=10909) NON responsivo
[2025-12-21 23:41:07] (PID 10912) ALERT: processo BLACKBOARD (pid=10911) NON responsivo
[2025-12-21 23:41:07] (PID 10912) PORCODIO
[2025-12-21 23:41:12] (PID 10912) ALERT: processo INPUT (pid=10907) NON responsivo
[2025-12-21 23:41:12] (PID 10912) ALERT: processo DRONE (pid=10910) NON responsivo
[2025-12-21 23:41:12] (PID 10912) ALERT: processo OBSTACLE (pid=10908) NON responsivo
[2025-12-21 23:41:12] (PID 10912) ALERT: processo TARGET (pid=10909) NON responsivo
[2025-12-21 23:41:12] (PID 10912) ALERT: processo BLACKBOARD (pid=10911) NON responsivo
[2025-12-21 23:41:12] (PID 10912) PORCODIO
[2025-12-21 23:41:17] (PID 10912) ALERT: processo INPUT (pid=10907) NON responsivo
[2025-12-21 23:41:17] (PID 10912) ALERT: processo DRONE (pid=10910) NON responsivo
[2025-12-21 23:41:17] (PID 10912) ALERT: processo OBSTACLE (pid=10908) NON responsivo
[2025-12-21 23:41:17] (PID 10912) ALERT: processo TARGET (pid=10909) NON responsivo
[2025-12-21 23:41:17] (PID 10912) ALERT: processo BLACKBOARD (pid=10911) NON responsivo
[2025-12-21 23:41:17] (PID 10912) PORCODIO
[2025-12-21 23:41:22] (PID 10912) ALERT: processo INPUT (pid=10907) NON responsivo
[2025-12-21 23:41:22] (PID 10912) ALERT: processo DRONE (pid=10910) NON responsivo
[2025-12-21 23:41:22] (PID 10912) ALERT: processo OBSTACLE (pid=10908) NON responsivo
[2025-12-21 23:41:22] (PID 10912) ALERT: processo TARGET (pid=10909) NON responsivo
[2025-12-21 23:41:22] (PID 10912) ALERT: processo BLACKBOARD (pid=10911) NON responsivo
[2025-12-21 23:41:22] (PID 10912) PORCODIO
[2025-12-21 23:41:27] (PID 10912) ALERT: processo INPUT (pid=10907) NON responsivo
[2025-12-21 23:41:27] (PID 10912) ALERT: processo DRONE (pid=10910) NON responsivo
[2025-12-21 23:41:27] (PID 10912) ALERT: processo OBSTACLE (pid=10908) NON responsivo
[2025-12-21 23:41:27] (PID 10912) ALERT: processo TARGET (pid=10909) NON responsivo
[2025-12-21 23:41:27] (PID 10912) ALERT: processo BLACKBOARD (pid=10911) NON responsivo
[2025-12-21 23:41:27] (PID 10912) PORCODIO
[2025-12-21 23:41:32] (PID 10912) ALERT: processo INPUT (pid=10907) NON responsivo
[2025-12-21 23:41:32] (PID 10912) ALERT: processo DRONE (pid=10910) NON responsivo
[2025-12-21 23:41:32] (PID 10912) ALERT: processo OBSTACLE (pid=10908) NON responsivo
[2025-12-21 23:41:32] (PID 10912) ALERT: processo TARGET (pid=10909) NON responsivo
[2025-12-21 23:41:32] (PID 10912) ALERT: processo BLACKBOARD (pid=10911) NON responsivo
[2025-12-21 23:41:32] (PID 10912) PORCODIO
[2025-12-21 23:41:40] (PID 11201) Watchdog process started (argc=11)
[2025-12-21 23:41:40] (PID 11201) Registrato processo: INPUT (pid=11196)
[2025-12-21 23:41:40] (PID 11201) Registrato processo: DRONE (pid=11199)
[2025-12-21 23:41:40] (PID 11201) Registrato processo: OBSTACLE (pid=11197)
[2025-12-21 23:41:40] (PID 11201) Registrato processo: TARGET (pid=11198)
[2025-12-21 23:41:40] (PID 11201) Registrato processo: BLACKBOARD (pid=11200)
[2025-12-21 23:41:40] (PID 11201) Watchdog avviato correttamente (5 processi monitorati)
[2025-12-21 23:41:40] (PID 11201) PORCODIO
[2025-12-21 23:41:40] (PID 11201) SIGUSR1 ricevuto da PID sconosciuto (11218)
[2025-12-21 23:41:40] (PID 11201) ALERT: processo INPUT (pid=11196) NON responsivo
[2025-12-21 23:41:40] (PID 11201) ALERT: processo DRONE (pid=11199) NON responsivo
[2025-12-21 23:41:40] (PID 11201) ALERT: processo OBSTACLE (pid=11197) NON responsivo
[2025-12-21 23:41:40] (PID 11201) ALERT: processo TARGET (pid=11198) NON responsivo
[2025-12-21 23:41:40] (PID 11201) ALERT: processo BLACKBOARD (pid=11200) NON responsivo
[2025-12-21 23:41:40] (PID 11201) PORCODIO
[2025-12-21 23:41:41] (PID 11201) SIGUSR1 ricevuto da PID sconosciuto (11218)
[2025-12-21 23:41:41] (PID 11201) ALERT: processo INPUT (pid=11196) NON responsivo
[2025-12-21 23:41:41] (PID 11201) ALERT: processo DRONE (pid=11199) NON responsivo
[2025-12-21 23:41:41] (PID 11201) ALERT: processo OBSTACLE (pid=11197) NON responsivo
[2025-12-21 23:41:41] (PID 11201) ALERT: processo TARGET (pid=11198) NON responsivo
[2025-12-21 23:41:41] (PID 11201) ALERT: processo BLACKBOARD (pid=11200) NON responsivo
[2025-12-21 23:41:41] (PID 11201) PORCODIO
[2025-12-21 23:41:42] (PID 11201) SIGUSR1 ricevuto da PID sconosciuto (11218)
[2025-12-21 23:41:42] (PID 11201) ALERT: processo INPUT (pid=11196) NON responsivo
[2025-12-21 23:41:42] (PID 11201) ALERT: processo DRONE (pid=11199) NON responsivo
[2025-12-21 23:41:42] (PID 11201) ALERT: processo OBSTACLE (pid=11197) NON responsivo
[2025-12-21 23:41:42] (PID 11201) ALERT: processo TARGET (pid=11198) NON responsivo
[2025-12-21 23:41:42] (PID 11201) ALERT: processo BLACKBOARD (pid=11200) NON responsivo
[2025-12-21 23:41:42] (PID 11201) PORCODIO
[2025-12-21 23:41:43] (PID 11201) SIGUSR1 ricevuto da PID sconosciuto (11218)
[2025-12-21 23:41:43] (PID 11201) ALERT: processo INPUT (pid=11196) NON responsivo
[2025-12-21 23:41:43] (PID 11201) ALERT: processo DRONE (pid=11199) NON responsivo
[2025-12-21 23:41:43] (PID 11201) ALERT: processo OBSTACLE (pid=11197) NON responsivo
[2025-12-21 23:41:43] (PID 11201) ALERT: processo TARGET (pid=11198) NON responsivo
[2025-12-21 23:41:43] (PID 11201) ALERT: processo BLACKBOARD (pid=11200) NON responsivo
[2025-12-21 23:41:43] (PID 11201) PORCODIO
[2025-12-21 23:41:44] (PID 11201) SIGUSR1 ricevuto da PID sconosciuto (11218)
[2025-12-21 23:41:44] (PID 11201) ALERT: processo INPUT (pid=11196) NON responsivo
[2025-12-21 23:41:44] (PID 11201) ALERT: processo DRONE (pid=11199) NON responsivo
[2025-12-21 23:41:44] (PID 11201) ALERT: processo OBSTACLE (pid=11197) NON responsivo
[2025-12-21 23:41:44] (PID 11201) ALERT: processo TARGET (pid=11198) NON responsivo
[2025-12-21 23:41:44] (PID 11201) ALERT: processo BLACKBOARD (pid=11200) NON responsivo
[2025-12-21 23:41:44] (PID 11201) PORCODIO
[2025-12-21 23:41:45] (PID 11201) SIGUSR1 ricevuto da PID sconosciuto (11218)
[2025-12-21 23:41:45] (PID 11201) ALERT: processo INPUT (pid=11196) NON responsivo
[2025-12-21 23:41:45] (PID 11201) ALERT: processo DRONE (pid=11199) NON responsivo
[2025-12-21 23:41:45] (PID 11201) ALERT: processo OBSTACLE (pid=11197) NON responsivo
[2025-12-21 23:41:45] (PID 11201) ALERT: processo TARGET (pid=11198) NON responsivo
[2025-12-21 23:41:45] (PID 11201) ALERT: processo BLACKBOARD (pid=11200) NON responsivo
[2025-12-21 23:41:45] (PID 11201) PORCODIO
[2025-12-21 23:54:56] (PID 11421) Watchdog process started (argc=11)
[2025-12-21 23:54:56] (PID 11421) PID non valido: '0'
[2025-12-21 23:54:56] (PID 11421) PID non valido: '0'
[2025-12-21 23:54:56] (PID 11421) PID non valido: '0'
[2025-12-21 23:54:56] (PID 11421) PID non valido: '0'
[2025-12-21 23:54:56] (PID 11421) PID non valido: '0'
[2025-12-21 23:54:56] (PID 11421) NESSUN processo valido da monitorare. Uscita.
