[2026-01-17 14:59:16] (PID 5682) [BB] Input received: w
[2026-01-17 14:59:19] (PID 5682) [BB] Input received: d
[2026-01-17 14:59:19] (PID 5682) [BB] Input received: d
[2026-01-17 14:59:20] (PID 5682) [BB] Input received: d
[2026-01-17 14:59:20] (PID 5682) [BB] Input received: d
[2026-01-17 14:59:20] (PID 5682) [BB] Input received: f
[2026-01-17 14:59:20] (PID 5682) [BB] Input received: f
[2026-01-17 14:59:20] (PID 5682) [BB] Input received: f
[2026-01-17 14:59:20] (PID 5682) [BB] Input received: f
[2026-01-17 14:59:20] (PID 5682) [BB] Input received: f
[2026-01-17 14:59:21] (PID 5682) [BB] Input received: f
[2026-01-17 14:59:21] (PID 5682) [BB] Input received: f
[2026-01-17 14:59:21] (PID 5682) [BB] Input received: f
[2026-01-17 14:59:21] (PID 5682) [BB] Input received: f
[2026-01-17 14:59:21] (PID 5682) [BB] Input received: f
[2026-01-17 14:59:21] (PID 5682) [BB] Input received: f
[2026-01-17 14:59:21] (PID 5682) [BB] Input received: f
[2026-01-17 14:59:21] (PID 5682) [BB] Input received: f
[2026-01-17 14:59:21] (PID 5682) [BB] Input received: f
[2026-01-17 14:59:21] (PID 5682) [BB] Input received: f
[2026-01-17 14:59:21] (PID 5682) [BB] Input received: f
[2026-01-17 14:59:21] (PID 5682) [BB] Input received: f
[2026-01-17 14:59:23] (PID 5682) [BB] Input received: d
[2026-01-17 14:59:24] (PID 5682) [BB] Input received: d
[2026-01-17 14:59:24] (PID 5682) [BB] Input received: d
[2026-01-17 14:59:24] (PID 5682) [BB] Input received: d
[2026-01-17 14:59:24] (PID 5682) [BB] Input received: d
[2026-01-17 14:59:25] (PID 5682) [BB] Input received: s
[2026-01-17 14:59:25] (PID 5682) [BB] Input received: d
[2026-01-17 14:59:25] (PID 5682) [BB] Input received: d
[2026-01-17 14:59:25] (PID 5682) [BB] Input received: d
[2026-01-17 14:59:26] (PID 5682) [BB] Input received: s
[2026-01-17 14:59:26] (PID 5682) [BB] Input received: s
[2026-01-17 14:59:26] (PID 5682) [BB] Input received: s
[2026-01-17 14:59:26] (PID 5682) [BB] Input received: s
[2026-01-17 14:59:26] (PID 5682) [BB] Input received: s
[2026-01-17 14:59:26] (PID 5682) [BB] Input received: s
[2026-01-17 14:59:26] (PID 5682) [BB] Input received: s
[2026-01-17 14:59:26] (PID 5682) [BB] Input received: s
[2026-01-17 14:59:26] (PID 5682) [BB] Input received: s
[2026-01-17 14:59:26] (PID 5682) [BB] Input received: s
[2026-01-17 14:59:26] (PID 5682) [BB] Input received: s
[2026-01-17 14:59:26] (PID 5682) [BB] Input received: s
[2026-01-17 14:59:26] (PID 5682) [BB] Input received: s
[2026-01-17 14:59:26] (PID 5682) [BB] Input received: s
[2026-01-17 14:59:26] (PID 5682) [BB] Input received: s
[2026-01-17 14:59:26] (PID 5682) [BB] Input received: s
[2026-01-17 14:59:29] (PID 5682) [BB] Input received: d
[2026-01-17 14:59:30] (PID 5682) [BB] Input received: d
[2026-01-17 14:59:30] (PID 5682) [BB] Input received: d
[2026-01-17 14:59:30] (PID 5682) [BB] Input received: d
[2026-01-17 14:59:30] (PID 5682) [BB] Input received: d
[2026-01-17 14:59:30] (PID 5682) [BB] Input received: d
[2026-01-17 14:59:31] (PID 5682) [BB] Input received: e
[2026-01-17 14:59:32] (PID 5682) [BB] Input received: e
[2026-01-17 14:59:32] (PID 5682) [BB] Input received: e
[2026-01-17 14:59:34] (PID 5682) [BB] Input received: s
[2026-01-17 14:59:35] (PID 5682) [BB] Input received: s
[2026-01-17 14:59:37] (PID 5682) [BB] Input received: w
[2026-01-17 14:59:40] (PID 5682) [BB] Input received: d
[2026-01-17 14:59:40] (PID 5682) [BB] Input received: d
[2026-01-17 14:59:40] (PID 5682) [BB] Input received: d
[2026-01-17 14:59:40] (PID 5682) [BB] Input received: d
[2026-01-17 14:59:40] (PID 5682) [BB] Input received: f
[2026-01-17 14:59:41] (PID 5682) [BB] Input received: f
[2026-01-17 14:59:41] (PID 5682) [BB] Input received: f
[2026-01-17 14:59:41] (PID 5682) [BB] Input received: f
[2026-01-17 14:59:41] (PID 5682) [BB] Input received: f
[2026-01-17 14:59:41] (PID 5682) [BB] Input received: f
[2026-01-17 14:59:41] (PID 5682) [BB] Input received: f
[2026-01-17 14:59:41] (PID 5682) [BB] Input received: f
[2026-01-17 14:59:41] (PID 5682) [BB] Input received: f
[2026-01-17 14:59:41] (PID 5682) [BB] Input received: f
[2026-01-17 14:59:41] (PID 5682) [BB] Input received: f
[2026-01-17 14:59:41] (PID 5682) [BB] Input received: f
[2026-01-17 14:59:41] (PID 5682) [BB] Input received: f
[2026-01-17 14:59:41] (PID 5682) [BB] Input received: f
[2026-01-17 14:59:41] (PID 5682) [BB] Input received: f
[2026-01-17 14:59:41] (PID 5682) [BB] Input received: f
[2026-01-17 14:59:41] (PID 5682) [BB] Input received: f
[2026-01-17 14:59:41] (PID 5682) [BB] Input received: f
[2026-01-17 14:59:41] (PID 5682) [BB] Input received: f
[2026-01-17 14:59:41] (PID 5682) [BB] Input received: f
[2026-01-17 14:59:41] (PID 5682) [BB] Input received: f
[2026-01-17 14:59:41] (PID 5682) [BB] Input received: f
[2026-01-17 14:59:41] (PID 5682) [BB] Input received: f
[2026-01-17 14:59:42] (PID 5682) [BB] Input received: f
[2026-01-17 14:59:42] (PID 5682) [BB] Input received: f
[2026-01-17 14:59:42] (PID 5682) [BB] Input received: f
[2026-01-17 14:59:42] (PID 5682) [BB] Input received: f
[2026-01-17 14:59:42] (PID 5682) [BB] Input received: f
[2026-01-17 14:59:42] (PID 5682) [BB] Input received: f
[2026-01-17 14:59:42] (PID 5682) [BB] Input received: f
[2026-01-17 14:59:42] (PID 5682) [BB] Input received: f
[2026-01-17 14:59:42] (PID 5682) [BB] Input received: f
[2026-01-17 14:59:42] (PID 5682) [BB] Input received: f
[2026-01-17 14:59:42] (PID 5682) [BB] Input received: f
[2026-01-17 14:59:42] (PID 5682) [BB] Input received: f
[2026-01-17 14:59:42] (PID 5682) [BB] Input received: f
[2026-01-17 14:59:42] (PID 5682) [BB] Input received: f
[2026-01-17 14:59:42] (PID 5682) [BB] Input received: f
[2026-01-17 14:59:42] (PID 5682) [BB] Input received: f
[2026-01-17 14:59:44] (PID 5682) [BB] Input received: r
[2026-01-17 14:59:45] (PID 5682) [BB] Input received: r
[2026-01-17 14:59:45] (PID 5682) [BB] Input received: r
[2026-01-17 14:59:46] (PID 5682) [BB] Input received: d
[2026-01-17 14:59:47] (PID 5682) [BB] Input received: d
[2026-01-17 14:59:47] (PID 5682) [BB] Input received: d
[2026-01-17 14:59:47] (PID 5682) [BB] Input received: d
[2026-01-17 14:59:48] (PID 5682) [BB] Input received: c
[2026-01-17 14:59:48] (PID 5682) [BB] Input received: c
[2026-01-17 14:59:48] (PID 5682) [BB] Input received: c
[2026-01-17 14:59:48] (PID 5682) [BB] Input received: c
[2026-01-17 14:59:49] (PID 5682) [BB] Input received: x
[2026-01-17 14:59:49] (PID 5682) [BB] Input received: x
[2026-01-17 14:59:49] (PID 5682) [BB] Input received: x
[2026-01-17 14:59:50] (PID 5682) [BB] Input received: x
[2026-01-17 14:59:51] (PID 5682) [BB] Input received: d
[2026-01-17 14:59:52] (PID 5682) [BB] Input received: d
[2026-01-17 14:59:52] (PID 5682) [BB] Input received: d
[2026-01-17 14:59:52] (PID 5682) [BB] Input received: d
[2026-01-17 14:59:52] (PID 5682) [BB] Input received: d
[2026-01-17 14:59:53] (PID 5682) [BB] Input received: w
[2026-01-17 14:59:55] (PID 5682) [BB] Input received: d
[2026-01-17 14:59:56] (PID 5682) [BB] Input received: d
[2026-01-17 14:59:56] (PID 5682) [BB] Input received: d
[2026-01-17 14:59:56] (PID 5682) [BB] Input received: s
[2026-01-17 14:59:56] (PID 5682) [BB] Input received: s
[2026-01-17 14:59:57] (PID 5682) [BB] Input received: s
[2026-01-17 14:59:57] (PID 5682) [BB] Input received: s
[2026-01-17 14:59:57] (PID 5682) [BB] Input received: s
[2026-01-17 14:59:57] (PID 5682) [BB] Input received: s
[2026-01-17 14:59:57] (PID 5682) [BB] Input received: s
[2026-01-17 14:59:57] (PID 5682) [BB] Input received: s
[2026-01-17 14:59:57] (PID 5682) [BB] Input received: s
[2026-01-17 14:59:57] (PID 5682) [BB] Input received: s
[2026-01-17 14:59:57] (PID 5682) [BB] Input received: s
[2026-01-17 14:59:57] (PID 5682) [BB] Input received: s
[2026-01-17 14:59:57] (PID 5682) [BB] Input received: s
[2026-01-17 14:59:57] (PID 5682) [BB] Input received: s
[2026-01-17 14:59:57] (PID 5682) [BB] Input received: s
[2026-01-17 14:59:57] (PID 5682) [BB] Input received: s
[2026-01-17 14:59:59] (PID 5682) [BB] Input received: x
[2026-01-17 14:59:59] (PID 5682) [BB] Input received: x
[2026-01-17 14:59:59] (PID 5682) [BB] Input received: c
[2026-01-17 14:59:59] (PID 5682) [BB] Input received: x
[2026-01-17 14:59:59] (PID 5682) [BB] Input received: c
[2026-01-17 15:00:00] (PID 5682) [BB] Input received: c
