[2026-01-17 14:59:06] (PID 5680) [WATCHDOG] Starting... PID: 5680
[2026-01-17 14:59:06] (PID 5680) [WATCHDOG] PID published securely
[2026-01-17 14:59:06] (PID 5680) [WATCHDOG] Warm-up phase (4 seconds)...
[2026-01-17 14:59:10] (PID 5680) [WATCHDOG] Warm-up complete. Monitoring started.
[2026-01-17 14:59:10] (PID 5680) [WATCHDOG] Process INPUT [PID 5681] is responsive!
[2026-01-17 14:59:10] (PID 5680) [WATCHDOG] Process TARGET [PID 5628] is responsive!
[2026-01-17 14:59:10] (PID 5680) [WATCHDOG] Process OBSTACLE [PID 5627] is responsive!
[2026-01-17 14:59:10] (PID 5680) [WATCHDOG] Process BLACKBOARD [PID 5682] is responsive!
[2026-01-17 14:59:10] (PID 5680) [WATCHDOG] All 4 processes checked. Waiting next cycle...
[2026-01-17 14:59:12] (PID 5680) [WATCHDOG] Process INPUT [PID 5681] is responsive!
[2026-01-17 14:59:12] (PID 5680) [WATCHDOG] Process TARGET [PID 5628] is responsive!
[2026-01-17 14:59:12] (PID 5680) [WATCHDOG] Process OBSTACLE [PID 5627] is responsive!
[2026-01-17 14:59:12] (PID 5680) [WATCHDOG] Process BLACKBOARD [PID 5682] is responsive!
[2026-01-17 14:59:12] (PID 5680) [WATCHDOG] All 4 processes checked. Waiting next cycle...
[2026-01-17 14:59:14] (PID 5680) [WATCHDOG] Process INPUT [PID 5681] is responsive!
[2026-01-17 14:59:14] (PID 5680) [WATCHDOG] Process TARGET [PID 5628] is responsive!
[2026-01-17 14:59:14] (PID 5680) [WATCHDOG] Process OBSTACLE [PID 5627] is responsive!
[2026-01-17 14:59:14] (PID 5680) [WATCHDOG] Process BLACKBOARD [PID 5682] is responsive!
[2026-01-17 14:59:14] (PID 5680) [WATCHDOG] All 4 processes checked. Waiting next cycle...
[2026-01-17 14:59:16] (PID 5680) [WATCHDOG] Process INPUT [PID 5681] is responsive!
[2026-01-17 14:59:16] (PID 5680) [WATCHDOG] Process TARGET [PID 5628] is responsive!
[2026-01-17 14:59:16] (PID 5680) [WATCHDOG] Process OBSTACLE [PID 5627] is responsive!
[2026-01-17 14:59:16] (PID 5680) [WATCHDOG] Process BLACKBOARD [PID 5682] is responsive!
[2026-01-17 14:59:16] (PID 5680) [WATCHDOG] All 4 processes checked. Waiting next cycle...
[2026-01-17 14:59:18] (PID 5680) [WATCHDOG] Process INPUT [PID 5681] is responsive!
[2026-01-17 14:59:18] (PID 5680) [WATCHDOG] Process TARGET [PID 5628] is responsive!
[2026-01-17 14:59:18] (PID 5680) [WATCHDOG] Process OBSTACLE [PID 5627] is responsive!
[2026-01-17 14:59:18] (PID 5680) [WATCHDOG] Process BLACKBOARD [PID 5682] is responsive!
[2026-01-17 14:59:18] (PID 5680) [WATCHDOG] All 4 processes checked. Waiting next cycle...
[2026-01-17 14:59:20] (PID 5680) [WATCHDOG] Process INPUT [PID 5681] is responsive!
[2026-01-17 14:59:20] (PID 5680) [WATCHDOG] Process TARGET [PID 5628] is responsive!
[2026-01-17 14:59:20] (PID 5680) [WATCHDOG] Process OBSTACLE [PID 5627] is responsive!
[2026-01-17 14:59:20] (PID 5680) [WATCHDOG] Process BLACKBOARD [PID 5682] is responsive!
[2026-01-17 14:59:20] (PID 5680) [WATCHDOG] All 4 processes checked. Waiting next cycle...
[2026-01-17 14:59:22] (PID 5680) [WATCHDOG] Process INPUT [PID 5681] is responsive!
[2026-01-17 14:59:22] (PID 5680) [WATCHDOG] Process TARGET [PID 5628] is responsive!
[2026-01-17 14:59:22] (PID 5680) [WATCHDOG] Process OBSTACLE [PID 5627] is responsive!
[2026-01-17 14:59:22] (PID 5680) [WATCHDOG] Process BLACKBOARD [PID 5682] is responsive!
[2026-01-17 14:59:22] (PID 5680) [WATCHDOG] All 4 processes checked. Waiting next cycle...
[2026-01-17 14:59:24] (PID 5680) [WATCHDOG] Process INPUT [PID 5681] is responsive!
[2026-01-17 14:59:24] (PID 5680) [WATCHDOG] Process TARGET [PID 5628] is responsive!
[2026-01-17 14:59:24] (PID 5680) [WATCHDOG] Process OBSTACLE [PID 5627] is responsive!
[2026-01-17 14:59:24] (PID 5680) [WATCHDOG] Process BLACKBOARD [PID 5682] is responsive!
[2026-01-17 14:59:24] (PID 5680) [WATCHDOG] All 4 processes checked. Waiting next cycle...
[2026-01-17 14:59:26] (PID 5680) [WATCHDOG] Process INPUT [PID 5681] is responsive!
[2026-01-17 14:59:26] (PID 5680) [WATCHDOG] Process TARGET [PID 5628] is responsive!
[2026-01-17 14:59:26] (PID 5680) [WATCHDOG] Process OBSTACLE [PID 5627] is responsive!
[2026-01-17 14:59:26] (PID 5680) [WATCHDOG] Process BLACKBOARD [PID 5682] is responsive!
[2026-01-17 14:59:26] (PID 5680) [WATCHDOG] All 4 processes checked. Waiting next cycle...
[2026-01-17 14:59:28] (PID 5680) [WATCHDOG] Process INPUT [PID 5681] is responsive!
[2026-01-17 14:59:28] (PID 5680) [WATCHDOG] Process TARGET [PID 5628] is responsive!
[2026-01-17 14:59:28] (PID 5680) [WATCHDOG] Process OBSTACLE [PID 5627] is responsive!
[2026-01-17 14:59:28] (PID 5680) [WATCHDOG] Process BLACKBOARD [PID 5682] is responsive!
[2026-01-17 14:59:28] (PID 5680) [WATCHDOG] All 4 processes checked. Waiting next cycle...
[2026-01-17 14:59:30] (PID 5680) [WATCHDOG] Process INPUT [PID 5681] is responsive!
[2026-01-17 14:59:30] (PID 5680) [WATCHDOG] Process TARGET [PID 5628] is responsive!
[2026-01-17 14:59:30] (PID 5680) [WATCHDOG] Process OBSTACLE [PID 5627] is responsive!
[2026-01-17 14:59:30] (PID 5680) [WATCHDOG] Process BLACKBOARD [PID 5682] is responsive!
[2026-01-17 14:59:30] (PID 5680) [WATCHDOG] All 4 processes checked. Waiting next cycle...
[2026-01-17 14:59:32] (PID 5680) [WATCHDOG] Process INPUT [PID 5681] is responsive!
[2026-01-17 14:59:32] (PID 5680) [WATCHDOG] Process TARGET [PID 5628] is responsive!
[2026-01-17 14:59:32] (PID 5680) [WATCHDOG] Process OBSTACLE [PID 5627] is responsive!
[2026-01-17 14:59:32] (PID 5680) [WATCHDOG] Process BLACKBOARD [PID 5682] is responsive!
[2026-01-17 14:59:32] (PID 5680) [WATCHDOG] All 4 processes checked. Waiting next cycle...
[2026-01-17 14:59:34] (PID 5680) [WATCHDOG] Process INPUT [PID 5681] is responsive!
[2026-01-17 14:59:34] (PID 5680) [WATCHDOG] Process TARGET [PID 5628] is responsive!
[2026-01-17 14:59:34] (PID 5680) [WATCHDOG] Process OBSTACLE [PID 5627] is responsive!
[2026-01-17 14:59:34] (PID 5680) [WATCHDOG] Process BLACKBOARD [PID 5682] is responsive!
[2026-01-17 14:59:34] (PID 5680) [WATCHDOG] All 4 processes checked. Waiting next cycle...
[2026-01-17 14:59:36] (PID 5680) [WATCHDOG] Process INPUT [PID 5681] is responsive!
[2026-01-17 14:59:36] (PID 5680) [WATCHDOG] Process TARGET [PID 5628] is responsive!
[2026-01-17 14:59:36] (PID 5680) [WATCHDOG] Process OBSTACLE [PID 5627] is responsive!
[2026-01-17 14:59:36] (PID 5680) [WATCHDOG] Process BLACKBOARD [PID 5682] is responsive!
[2026-01-17 14:59:36] (PID 5680) [WATCHDOG] All 4 processes checked. Waiting next cycle...
[2026-01-17 14:59:38] (PID 5680) [WATCHDOG] Process INPUT [PID 5681] is responsive!
[2026-01-17 14:59:38] (PID 5680) [WATCHDOG] Process TARGET [PID 5628] is responsive!
[2026-01-17 14:59:38] (PID 5680) [WATCHDOG] Process OBSTACLE [PID 5627] is responsive!
[2026-01-17 14:59:38] (PID 5680) [WATCHDOG] Process BLACKBOARD [PID 5682] is responsive!
[2026-01-17 14:59:38] (PID 5680) [WATCHDOG] All 4 processes checked. Waiting next cycle...
[2026-01-17 14:59:40] (PID 5680) [WATCHDOG] Process INPUT [PID 5681] is responsive!
[2026-01-17 14:59:40] (PID 5680) [WATCHDOG] Process TARGET [PID 5628] is responsive!
[2026-01-17 14:59:40] (PID 5680) [WATCHDOG] Process OBSTACLE [PID 5627] is responsive!
[2026-01-17 14:59:40] (PID 5680) [WATCHDOG] Process BLACKBOARD [PID 5682] is responsive!
[2026-01-17 14:59:40] (PID 5680) [WATCHDOG] All 4 processes checked. Waiting next cycle...
[2026-01-17 14:59:42] (PID 5680) [WATCHDOG] Process INPUT [PID 5681] is responsive!
[2026-01-17 14:59:42] (PID 5680) [WATCHDOG] Process TARGET [PID 5628] is responsive!
[2026-01-17 14:59:42] (PID 5680) [WATCHDOG] Process OBSTACLE [PID 5627] is responsive!
[2026-01-17 14:59:42] (PID 5680) [WATCHDOG] Process BLACKBOARD [PID 5682] is responsive!
[2026-01-17 14:59:42] (PID 5680) [WATCHDOG] All 4 processes checked. Waiting next cycle...
[2026-01-17 14:59:44] (PID 5680) [WATCHDOG] Process INPUT [PID 5681] is responsive!
[2026-01-17 14:59:44] (PID 5680) [WATCHDOG] Process TARGET [PID 5628] is responsive!
[2026-01-17 14:59:44] (PID 5680) [WATCHDOG] Process OBSTACLE [PID 5627] is responsive!
[2026-01-17 14:59:44] (PID 5680) [WATCHDOG] Process BLACKBOARD [PID 5682] is responsive!
[2026-01-17 14:59:44] (PID 5680) [WATCHDOG] All 4 processes checked. Waiting next cycle...
[2026-01-17 14:59:46] (PID 5680) [WATCHDOG] Process INPUT [PID 5681] is responsive!
[2026-01-17 14:59:46] (PID 5680) [WATCHDOG] Process TARGET [PID 5628] is responsive!
[2026-01-17 14:59:46] (PID 5680) [WATCHDOG] Process OBSTACLE [PID 5627] is responsive!
[2026-01-17 14:59:46] (PID 5680) [WATCHDOG] Process BLACKBOARD [PID 5682] is responsive!
[2026-01-17 14:59:46] (PID 5680) [WATCHDOG] All 4 processes checked. Waiting next cycle...
[2026-01-17 14:59:48] (PID 5680) [WATCHDOG] Process INPUT [PID 5681] is responsive!
[2026-01-17 14:59:48] (PID 5680) [WATCHDOG] Process TARGET [PID 5628] is responsive!
[2026-01-17 14:59:48] (PID 5680) [WATCHDOG] Process OBSTACLE [PID 5627] is responsive!
[2026-01-17 14:59:48] (PID 5680) [WATCHDOG] Process BLACKBOARD [PID 5682] is responsive!
[2026-01-17 14:59:48] (PID 5680) [WATCHDOG] All 4 processes checked. Waiting next cycle...
[2026-01-17 14:59:50] (PID 5680) [WATCHDOG] Process INPUT [PID 5681] is responsive!
[2026-01-17 14:59:50] (PID 5680) [WATCHDOG] Process TARGET [PID 5628] is responsive!
[2026-01-17 14:59:50] (PID 5680) [WATCHDOG] Process OBSTACLE [PID 5627] is responsive!
[2026-01-17 14:59:50] (PID 5680) [WATCHDOG] Process BLACKBOARD [PID 5682] is responsive!
[2026-01-17 14:59:50] (PID 5680) [WATCHDOG] All 4 processes checked. Waiting next cycle...
[2026-01-17 14:59:52] (PID 5680) [WATCHDOG] Process INPUT [PID 5681] is responsive!
[2026-01-17 14:59:52] (PID 5680) [WATCHDOG] Process TARGET [PID 5628] is responsive!
[2026-01-17 14:59:52] (PID 5680) [WATCHDOG] Process OBSTACLE [PID 5627] is responsive!
[2026-01-17 14:59:52] (PID 5680) [WATCHDOG] Process BLACKBOARD [PID 5682] is responsive!
[2026-01-17 14:59:52] (PID 5680) [WATCHDOG] All 4 processes checked. Waiting next cycle...
[2026-01-17 14:59:54] (PID 5680) [WATCHDOG] Process INPUT [PID 5681] is responsive!
[2026-01-17 14:59:54] (PID 5680) [WATCHDOG] Process TARGET [PID 5628] is responsive!
[2026-01-17 14:59:54] (PID 5680) [WATCHDOG] Process OBSTACLE [PID 5627] is responsive!
[2026-01-17 14:59:54] (PID 5680) [WATCHDOG] Process BLACKBOARD [PID 5682] is responsive!
[2026-01-17 14:59:54] (PID 5680) [WATCHDOG] All 4 processes checked. Waiting next cycle...
[2026-01-17 14:59:56] (PID 5680) [WATCHDOG] Process INPUT [PID 5681] is responsive!
[2026-01-17 14:59:56] (PID 5680) [WATCHDOG] Process TARGET [PID 5628] is responsive!
[2026-01-17 14:59:56] (PID 5680) [WATCHDOG] Process OBSTACLE [PID 5627] is responsive!
[2026-01-17 14:59:56] (PID 5680) [WATCHDOG] Process BLACKBOARD [PID 5682] is responsive!
[2026-01-17 14:59:56] (PID 5680) [WATCHDOG] All 4 processes checked. Waiting next cycle...
[2026-01-17 14:59:58] (PID 5680) [WATCHDOG] Process INPUT [PID 5681] is responsive!
[2026-01-17 14:59:58] (PID 5680) [WATCHDOG] Process TARGET [PID 5628] is responsive!
[2026-01-17 14:59:58] (PID 5680) [WATCHDOG] Process OBSTACLE [PID 5627] is responsive!
[2026-01-17 14:59:58] (PID 5680) [WATCHDOG] Process BLACKBOARD [PID 5682] is responsive!
[2026-01-17 14:59:58] (PID 5680) [WATCHDOG] All 4 processes checked. Waiting next cycle...
[2026-01-17 15:00:00] (PID 5680) [WATCHDOG] Process INPUT [PID 5681] is responsive!
[2026-01-17 15:00:00] (PID 5680) [WATCHDOG] Process TARGET [PID 5628] is responsive!
[2026-01-17 15:00:00] (PID 5680) [WATCHDOG] Process OBSTACLE [PID 5627] is responsive!
[2026-01-17 15:00:00] (PID 5680) [WATCHDOG] Process BLACKBOARD [PID 5682] is responsive!
[2026-01-17 15:00:00] (PID 5680) [WATCHDOG] All 4 processes checked. Waiting next cycle...
[2026-01-17 15:00:02] (PID 5680) [WATCHDOG] Process INPUT [PID 5681] is responsive!
[2026-01-17 15:00:02] (PID 5680) [WATCHDOG] Process TARGET [PID 5628] is responsive!
[2026-01-17 15:00:02] (PID 5680) [WATCHDOG] Process OBSTACLE [PID 5627] is responsive!
[2026-01-17 15:00:02] (PID 5680) [WATCHDOG] Process BLACKBOARD [PID 5682] is responsive!
[2026-01-17 15:00:02] (PID 5680) [WATCHDOG] All 4 processes checked. Waiting next cycle...
[2026-01-17 15:00:05] (PID 5680) [WATCHDOG] ALERT! Process INPUT [PID 5681] timed out after 200 ms!
[2026-01-17 15:00:05] (PID 5680) [WATCHDOG] Killing system due to unresponsive process.
